0 eigenvalue
335523
1 eigenvalue
245714
2 eigenvalue
210713
3 eigenvalue
184412
4 eigenvalue
168122
5 eigenvalue
148035
6 eigenvalue
112808
7 eigenvalue
99348.3
8 eigenvalue
95433.9
9 eigenvalue
80719.8
10 eigenvalue
72016.3
11 eigenvalue
70564
12 eigenvalue
58567.2
13 eigenvalue
58220.3
14 eigenvalue
54452.3
15 eigenvalue
51023
16 eigenvalue
45332.3
17 eigenvalue
44164.3
18 eigenvalue
40758.3
19 eigenvalue
39640.4
20 eigenvalue
36787.1
21 eigenvalue
34924.6
22 eigenvalue
33103
23 eigenvalue
31250.6
24 eigenvalue
30432
25 eigenvalue
28900.7
26 eigenvalue
27886.1
27 eigenvalue
26562.3
28 eigenvalue
25376.4
29 eigenvalue
23577
30 eigenvalue
22591.7
31 eigenvalue
21937.8
32 eigenvalue
20616.3
33 eigenvalue
20225.3
34 eigenvalue
19364.2
35 eigenvalue
18627.4
36 eigenvalue
17458.8
37 eigenvalue
16745.5
38 eigenvalue
16285.1
39 eigenvalue
16036.5
40 eigenvalue
15564.8
41 eigenvalue
15333.3
42 eigenvalue
14343.6
43 eigenvalue
13712.7
44 eigenvalue
13261.4
45 eigenvalue
12890
46 eigenvalue
12396.2
47 eigenvalue
11990.2
48 eigenvalue
11542.4
49 eigenvalue
10974.2
Entro al pls
salgo del pls
0 eigenvalue
335468
1 eigenvalue
246270
2 eigenvalue
210877
3 eigenvalue
184115
4 eigenvalue
168045
5 eigenvalue
147360
6 eigenvalue
112632
7 eigenvalue
99561.6
8 eigenvalue
95042.9
9 eigenvalue
80455.9
10 eigenvalue
71962.9
11 eigenvalue
70574
12 eigenvalue
58281.4
13 eigenvalue
58178
14 eigenvalue
54293.3
15 eigenvalue
50887.5
16 eigenvalue
45390.8
17 eigenvalue
44038
18 eigenvalue
40938
19 eigenvalue
39600.3
20 eigenvalue
36683
21 eigenvalue
34655.4
22 eigenvalue
33156.2
23 eigenvalue
31389.2
24 eigenvalue
30561
25 eigenvalue
28855.2
26 eigenvalue
27963.4
27 eigenvalue
26504.3
28 eigenvalue
25447.9
29 eigenvalue
23635.5
30 eigenvalue
22617.8
31 eigenvalue
21843.4
32 eigenvalue
20537.4
33 eigenvalue
20201.5
34 eigenvalue
19383.7
35 eigenvalue
18560
36 eigenvalue
17505.3
37 eigenvalue
16684.3
38 eigenvalue
16406.2
39 eigenvalue
15982.5
40 eigenvalue
15561.5
41 eigenvalue
15222.7
42 eigenvalue
14329
43 eigenvalue
13676
44 eigenvalue
13181.3
45 eigenvalue
12910.2
46 eigenvalue
12389.1
47 eigenvalue
11992.4
48 eigenvalue
11558.8
49 eigenvalue
10978.1
Entro al pls
salgo del pls
0 eigenvalue
334627
1 eigenvalue
245629
2 eigenvalue
211186
3 eigenvalue
184476
4 eigenvalue
167744
5 eigenvalue
147786
6 eigenvalue
112428
7 eigenvalue
99259.6
8 eigenvalue
94757.7
9 eigenvalue
80841.7
10 eigenvalue
72298.3
11 eigenvalue
71033.1
12 eigenvalue
58610.6
13 eigenvalue
58039.9
14 eigenvalue
54316.6
15 eigenvalue
50998.8
16 eigenvalue
45269.8
17 eigenvalue
43879.3
18 eigenvalue
40764.2
19 eigenvalue
39776
20 eigenvalue
36917.4
21 eigenvalue
34893.8
22 eigenvalue
33073.7
23 eigenvalue
31235.1
24 eigenvalue
30541.7
25 eigenvalue
28733.9
26 eigenvalue
27848.4
27 eigenvalue
26794.4
28 eigenvalue
25414.1
29 eigenvalue
23578.1
30 eigenvalue
22635.4
31 eigenvalue
22016.8
32 eigenvalue
20530.2
33 eigenvalue
20260.9
34 eigenvalue
19407.7
35 eigenvalue
18568.1
36 eigenvalue
17484.1
37 eigenvalue
16708.7
38 eigenvalue
16329.1
39 eigenvalue
16011.7
40 eigenvalue
15563.6
41 eigenvalue
15282.3
42 eigenvalue
14375.4
43 eigenvalue
13649.1
44 eigenvalue
13175
45 eigenvalue
12844.6
46 eigenvalue
12427.6
47 eigenvalue
12022.7
48 eigenvalue
11518.4
49 eigenvalue
11017.1
Entro al pls
salgo del pls
0 eigenvalue
335939
1 eigenvalue
245427
2 eigenvalue
211008
3 eigenvalue
184803
4 eigenvalue
167830
5 eigenvalue
147686
6 eigenvalue
112379
7 eigenvalue
99155.6
8 eigenvalue
95109.4
9 eigenvalue
79968.4
10 eigenvalue
72128.2
11 eigenvalue
70413.4
12 eigenvalue
58405.2
13 eigenvalue
58308
14 eigenvalue
54441.9
15 eigenvalue
51055.8
16 eigenvalue
45437.5
17 eigenvalue
44052.5
18 eigenvalue
40875.2
19 eigenvalue
39501.3
20 eigenvalue
36887.4
21 eigenvalue
35027.2
22 eigenvalue
33083.5
23 eigenvalue
31322.6
24 eigenvalue
30432
25 eigenvalue
28824.5
26 eigenvalue
27949.7
27 eigenvalue
26653.8
28 eigenvalue
25425.5
29 eigenvalue
23507
30 eigenvalue
22553.6
31 eigenvalue
22018.6
32 eigenvalue
20592.6
33 eigenvalue
20210.6
34 eigenvalue
19398.4
35 eigenvalue
18565
36 eigenvalue
17489.3
37 eigenvalue
16760.3
38 eigenvalue
16377.8
39 eigenvalue
16003.5
40 eigenvalue
15538.5
41 eigenvalue
15310.5
42 eigenvalue
14428.1
43 eigenvalue
13663.3
44 eigenvalue
13227.6
45 eigenvalue
12877.7
46 eigenvalue
12405.1
47 eigenvalue
11960.5
48 eigenvalue
11559.1
49 eigenvalue
11030.2
Entro al pls
salgo del pls
0 eigenvalue
334048
1 eigenvalue
245484
2 eigenvalue
210766
3 eigenvalue
184930
4 eigenvalue
167921
5 eigenvalue
147320
6 eigenvalue
112105
7 eigenvalue
99336.3
8 eigenvalue
94930.9
9 eigenvalue
80325.5
10 eigenvalue
71941.5
11 eigenvalue
70952.2
12 eigenvalue
58478.7
13 eigenvalue
58077.9
14 eigenvalue
54470.9
15 eigenvalue
50957.9
16 eigenvalue
45330.1
17 eigenvalue
43951.6
18 eigenvalue
40864.6
19 eigenvalue
39437.3
20 eigenvalue
36625.8
21 eigenvalue
34870.9
22 eigenvalue
33097
23 eigenvalue
31297.7
24 eigenvalue
30312
25 eigenvalue
28744.3
26 eigenvalue
27889.8
27 eigenvalue
26814.1
28 eigenvalue
25506.7
29 eigenvalue
23557.5
30 eigenvalue
22641.9
31 eigenvalue
21921.7
32 eigenvalue
20684.2
33 eigenvalue
20194.8
34 eigenvalue
19368.7
35 eigenvalue
18530
36 eigenvalue
17530.7
37 eigenvalue
16723.2
38 eigenvalue
16354.7
39 eigenvalue
16072
40 eigenvalue
15515.1
41 eigenvalue
15238
42 eigenvalue
14395.3
43 eigenvalue
13668.2
44 eigenvalue
13218.7
45 eigenvalue
12855.8
46 eigenvalue
12436.2
47 eigenvalue
11933.8
48 eigenvalue
11558.4
49 eigenvalue
10988
Entro al pls
salgo del pls
0 eigenvalue
335367
1 eigenvalue
246137
2 eigenvalue
210938
3 eigenvalue
184417
4 eigenvalue
168625
5 eigenvalue
147587
6 eigenvalue
112568
7 eigenvalue
99512
8 eigenvalue
95100.5
9 eigenvalue
80996.1
10 eigenvalue
71902.7
11 eigenvalue
70265.4
12 eigenvalue
58367.8
13 eigenvalue
58073
14 eigenvalue
54129.5
15 eigenvalue
50640.2
16 eigenvalue
45212.4
17 eigenvalue
44162.4
18 eigenvalue
40995.7
19 eigenvalue
39609.7
20 eigenvalue
36837.8
21 eigenvalue
34770.5
22 eigenvalue
33109.9
23 eigenvalue
31370.1
24 eigenvalue
30513.9
25 eigenvalue
28891.9
26 eigenvalue
27815
27 eigenvalue
26671.9
28 eigenvalue
25413.9
29 eigenvalue
23551.7
30 eigenvalue
22552.1
31 eigenvalue
21969.2
32 eigenvalue
20618.9
33 eigenvalue
20223.2
34 eigenvalue
19305.2
35 eigenvalue
18586.1
36 eigenvalue
17522
37 eigenvalue
16706.6
38 eigenvalue
16318.5
39 eigenvalue
16096.3
40 eigenvalue
15497.8
41 eigenvalue
15336.4
42 eigenvalue
14398.9
43 eigenvalue
13626.2
44 eigenvalue
13138.7
45 eigenvalue
12881.4
46 eigenvalue
12340.7
47 eigenvalue
11997.5
48 eigenvalue
11580.5
49 eigenvalue
11028.1
Entro al pls
salgo del pls
0 eigenvalue
334302
1 eigenvalue
245467
2 eigenvalue
211427
3 eigenvalue
185181
4 eigenvalue
168233
5 eigenvalue
147627
6 eigenvalue
112594
7 eigenvalue
99317.4
8 eigenvalue
95211.7
9 eigenvalue
80827.6
10 eigenvalue
72079.5
11 eigenvalue
70561.4
12 eigenvalue
58462.3
13 eigenvalue
58144.1
14 eigenvalue
54334
15 eigenvalue
50937.4
16 eigenvalue
45282.2
17 eigenvalue
44109.7
18 eigenvalue
40756.1
19 eigenvalue
39552.8
20 eigenvalue
36884.2
21 eigenvalue
34812.4
22 eigenvalue
33137.7
23 eigenvalue
31389.5
24 eigenvalue
30508.7
25 eigenvalue
28709.4
26 eigenvalue
27921.9
27 eigenvalue
26735
28 eigenvalue
25412.6
29 eigenvalue
23671.2
30 eigenvalue
22603.4
31 eigenvalue
21896.7
32 eigenvalue
20593.9
33 eigenvalue
20319.8
34 eigenvalue
19370.3
35 eigenvalue
18618.6
36 eigenvalue
17483.3
37 eigenvalue
16797.8
38 eigenvalue
16292.8
39 eigenvalue
16031.6
40 eigenvalue
15592.5
41 eigenvalue
15309.7
42 eigenvalue
14318.8
43 eigenvalue
13684.9
44 eigenvalue
13173.5
45 eigenvalue
12904.3
46 eigenvalue
12404.9
47 eigenvalue
11934.2
48 eigenvalue
11556.2
49 eigenvalue
11000.5
Entro al pls
salgo del pls
0 eigenvalue
333845
1 eigenvalue
246208
2 eigenvalue
211006
3 eigenvalue
185768
4 eigenvalue
168365
5 eigenvalue
148461
6 eigenvalue
112831
7 eigenvalue
99217.1
8 eigenvalue
94988.8
9 eigenvalue
80548
10 eigenvalue
72299
11 eigenvalue
71035
12 eigenvalue
58485.5
13 eigenvalue
57920.5
14 eigenvalue
54128
15 eigenvalue
51082.1
16 eigenvalue
45395.5
17 eigenvalue
44008.1
18 eigenvalue
40675.1
19 eigenvalue
39546.1
20 eigenvalue
36885.4
21 eigenvalue
34967.9
22 eigenvalue
33220.9
23 eigenvalue
31322.5
24 eigenvalue
30478.2
25 eigenvalue
28784.6
26 eigenvalue
27805.5
27 eigenvalue
26782.6
28 eigenvalue
25466.9
29 eigenvalue
23598.4
30 eigenvalue
22618.4
31 eigenvalue
21974.9
32 eigenvalue
20594.8
33 eigenvalue
20183.4
34 eigenvalue
19418.7
35 eigenvalue
18540.7
36 eigenvalue
17499.6
37 eigenvalue
16779.2
38 eigenvalue
16332.5
39 eigenvalue
16020
40 eigenvalue
15592.6
41 eigenvalue
15319.4
42 eigenvalue
14435.6
43 eigenvalue
13595.1
44 eigenvalue
13253.1
45 eigenvalue
12879.3
46 eigenvalue
12431.9
47 eigenvalue
11936.1
48 eigenvalue
11536.3
49 eigenvalue
11091
Entro al pls
salgo del pls
0 eigenvalue
333702
1 eigenvalue
246732
2 eigenvalue
211488
3 eigenvalue
185018
4 eigenvalue
167525
5 eigenvalue
147855
6 eigenvalue
112465
7 eigenvalue
99382.3
8 eigenvalue
94916.5
9 eigenvalue
81049.9
10 eigenvalue
72116.1
11 eigenvalue
70882.3
12 eigenvalue
58522.3
13 eigenvalue
57917.4
14 eigenvalue
54226.3
15 eigenvalue
50993
16 eigenvalue
45251.3
17 eigenvalue
44148.5
18 eigenvalue
40689.5
19 eigenvalue
39598.8
20 eigenvalue
36896.8
21 eigenvalue
34880.4
22 eigenvalue
33214.8
23 eigenvalue
31521.4
24 eigenvalue
30466.4
25 eigenvalue
28813.1
26 eigenvalue
27943.3
27 eigenvalue
26819.9
28 eigenvalue
25422.4
29 eigenvalue
23587.7
30 eigenvalue
22600.8
31 eigenvalue
21992.5
32 eigenvalue
20520.8
33 eigenvalue
20195.5
34 eigenvalue
19370.3
35 eigenvalue
18608.4
36 eigenvalue
17434.5
37 eigenvalue
16795.6
38 eigenvalue
16352.2
39 eigenvalue
15975
40 eigenvalue
15540.5
41 eigenvalue
15239.6
42 eigenvalue
14297.2
43 eigenvalue
13589.3
44 eigenvalue
13214.1
45 eigenvalue
12876.8
46 eigenvalue
12402.9
47 eigenvalue
11977
48 eigenvalue
11582.2
49 eigenvalue
11032.2
Entro al pls
salgo del pls
0 eigenvalue
335088
1 eigenvalue
245907
2 eigenvalue
211199
3 eigenvalue
184222
4 eigenvalue
168349
5 eigenvalue
148010
6 eigenvalue
112591
7 eigenvalue
99140.1
8 eigenvalue
94680.4
9 eigenvalue
80921.7
10 eigenvalue
72249.4
11 eigenvalue
70777.3
12 eigenvalue
58689.7
13 eigenvalue
58333.4
14 eigenvalue
54159.3
15 eigenvalue
50802.2
16 eigenvalue
45357.3
17 eigenvalue
43991.5
18 eigenvalue
40693.6
19 eigenvalue
39566.9
20 eigenvalue
36819.2
21 eigenvalue
34843.5
22 eigenvalue
33153.5
23 eigenvalue
31421.4
24 eigenvalue
30558.3
25 eigenvalue
28787.1
26 eigenvalue
27763.3
27 eigenvalue
